ARM GAS  C:\Users\elgab\AppData\Local\Temp\ccBGD0OZ.s 			page 1


   1              		.syntax unified
   2              		.cpu cortex-m3
   3              		.fpu softvfp
   4              		.eabi_attribute 20, 1
   5              		.eabi_attribute 21, 1
   6              		.eabi_attribute 23, 3
   7              		.eabi_attribute 24, 1
   8              		.eabi_attribute 25, 1
   9              		.eabi_attribute 26, 1
  10              		.eabi_attribute 30, 1
  11              		.eabi_attribute 34, 1
  12              		.eabi_attribute 18, 4
  13              		.thumb
  14              		.syntax unified
  15              		.file	"LIB_psoc.c"
  16              		.text
  17              	.Ltext0:
  18              		.cfi_sections	.debug_frame
  19              		.section	.text.map,"ax",%progbits
  20              		.align	2
  21              		.global	map
  22              		.thumb
  23              		.thumb_func
  24              		.type	map, %function
  25              	map:
  26              	.LFB0:
  27              		.file 1 "LIB_psoc.c"
   1:LIB_psoc.c    **** 
   2:LIB_psoc.c    **** long map(long x, long in_min, long in_max, long out_min, long out_max) {
  28              		.loc 1 2 0
  29              		.cfi_startproc
  30              		@ args = 4, pretend = 0, frame = 0
  31              		@ frame_needed = 0, uses_anonymous_args = 0
  32              		@ link register save eliminated.
  33              	.LVL0:
  34 0000 10B4     		push	{r4}
  35              		.cfi_def_cfa_offset 4
  36              		.cfi_offset 4, -4
   3:LIB_psoc.c    ****   return (x - in_min) * (out_max - out_min) / (in_max - in_min) + out_min;
  37              		.loc 1 3 0
  38 0002 401A     		subs	r0, r0, r1
  39              	.LVL1:
  40 0004 019C     		ldr	r4, [sp, #4]
  41 0006 E41A     		subs	r4, r4, r3
  42 0008 04FB00F0 		mul	r0, r4, r0
  43 000c 521A     		subs	r2, r2, r1
  44              	.LVL2:
  45 000e 90FBF2F0 		sdiv	r0, r0, r2
   4:LIB_psoc.c    **** }
  46              		.loc 1 4 0
  47 0012 1844     		add	r0, r0, r3
  48 0014 10BC     		pop	{r4}
  49              		.cfi_restore 4
  50              		.cfi_def_cfa_offset 0
  51              	.LVL3:
  52 0016 7047     		bx	lr
  53              		.cfi_endproc
ARM GAS  C:\Users\elgab\AppData\Local\Temp\ccBGD0OZ.s 			page 2


  54              	.LFE0:
  55              		.size	map, .-map
  56              		.text
  57              	.Letext0:
  58              		.section	.debug_info,"",%progbits
  59              	.Ldebug_info0:
  60 0000 88000000 		.4byte	0x88
  61 0004 0400     		.2byte	0x4
  62 0006 00000000 		.4byte	.Ldebug_abbrev0
  63 000a 04       		.byte	0x4
  64 000b 01       		.uleb128 0x1
  65 000c 77000000 		.4byte	.LASF4
  66 0010 0C       		.byte	0xc
  67 0011 07000000 		.4byte	.LASF5
  68 0015 32000000 		.4byte	.LASF6
  69 0019 00000000 		.4byte	.Ldebug_ranges0+0
  70 001d 00000000 		.4byte	0
  71 0021 00000000 		.4byte	.Ldebug_line0
  72 0025 02       		.uleb128 0x2
  73 0026 6D617000 		.ascii	"map\000"
  74 002a 01       		.byte	0x1
  75 002b 02       		.byte	0x2
  76 002c 84000000 		.4byte	0x84
  77 0030 00000000 		.4byte	.LFB0
  78 0034 18000000 		.4byte	.LFE0-.LFB0
  79 0038 01       		.uleb128 0x1
  80 0039 9C       		.byte	0x9c
  81 003a 84000000 		.4byte	0x84
  82 003e 03       		.uleb128 0x3
  83 003f 7800     		.ascii	"x\000"
  84 0041 01       		.byte	0x1
  85 0042 02       		.byte	0x2
  86 0043 84000000 		.4byte	0x84
  87 0047 00000000 		.4byte	.LLST0
  88 004b 04       		.uleb128 0x4
  89 004c 00000000 		.4byte	.LASF0
  90 0050 01       		.byte	0x1
  91 0051 02       		.byte	0x2
  92 0052 84000000 		.4byte	0x84
  93 0056 01       		.uleb128 0x1
  94 0057 51       		.byte	0x51
  95 0058 05       		.uleb128 0x5
  96 0059 12000000 		.4byte	.LASF1
  97 005d 01       		.byte	0x1
  98 005e 02       		.byte	0x2
  99 005f 84000000 		.4byte	0x84
 100 0063 21000000 		.4byte	.LLST1
 101 0067 04       		.uleb128 0x4
 102 0068 22000000 		.4byte	.LASF2
 103 006c 01       		.byte	0x1
 104 006d 02       		.byte	0x2
 105 006e 84000000 		.4byte	0x84
 106 0072 01       		.uleb128 0x1
 107 0073 53       		.byte	0x53
 108 0074 05       		.uleb128 0x5
 109 0075 2A000000 		.4byte	.LASF3
 110 0079 01       		.byte	0x1
ARM GAS  C:\Users\elgab\AppData\Local\Temp\ccBGD0OZ.s 			page 3


 111 007a 02       		.byte	0x2
 112 007b 84000000 		.4byte	0x84
 113 007f 42000000 		.4byte	.LLST2
 114 0083 00       		.byte	0
 115 0084 06       		.uleb128 0x6
 116 0085 04       		.byte	0x4
 117 0086 05       		.byte	0x5
 118 0087 19000000 		.4byte	.LASF7
 119 008b 00       		.byte	0
 120              		.section	.debug_abbrev,"",%progbits
 121              	.Ldebug_abbrev0:
 122 0000 01       		.uleb128 0x1
 123 0001 11       		.uleb128 0x11
 124 0002 01       		.byte	0x1
 125 0003 25       		.uleb128 0x25
 126 0004 0E       		.uleb128 0xe
 127 0005 13       		.uleb128 0x13
 128 0006 0B       		.uleb128 0xb
 129 0007 03       		.uleb128 0x3
 130 0008 0E       		.uleb128 0xe
 131 0009 1B       		.uleb128 0x1b
 132 000a 0E       		.uleb128 0xe
 133 000b 55       		.uleb128 0x55
 134 000c 17       		.uleb128 0x17
 135 000d 11       		.uleb128 0x11
 136 000e 01       		.uleb128 0x1
 137 000f 10       		.uleb128 0x10
 138 0010 17       		.uleb128 0x17
 139 0011 00       		.byte	0
 140 0012 00       		.byte	0
 141 0013 02       		.uleb128 0x2
 142 0014 2E       		.uleb128 0x2e
 143 0015 01       		.byte	0x1
 144 0016 3F       		.uleb128 0x3f
 145 0017 19       		.uleb128 0x19
 146 0018 03       		.uleb128 0x3
 147 0019 08       		.uleb128 0x8
 148 001a 3A       		.uleb128 0x3a
 149 001b 0B       		.uleb128 0xb
 150 001c 3B       		.uleb128 0x3b
 151 001d 0B       		.uleb128 0xb
 152 001e 27       		.uleb128 0x27
 153 001f 19       		.uleb128 0x19
 154 0020 49       		.uleb128 0x49
 155 0021 13       		.uleb128 0x13
 156 0022 11       		.uleb128 0x11
 157 0023 01       		.uleb128 0x1
 158 0024 12       		.uleb128 0x12
 159 0025 06       		.uleb128 0x6
 160 0026 40       		.uleb128 0x40
 161 0027 18       		.uleb128 0x18
 162 0028 9742     		.uleb128 0x2117
 163 002a 19       		.uleb128 0x19
 164 002b 01       		.uleb128 0x1
 165 002c 13       		.uleb128 0x13
 166 002d 00       		.byte	0
 167 002e 00       		.byte	0
ARM GAS  C:\Users\elgab\AppData\Local\Temp\ccBGD0OZ.s 			page 4


 168 002f 03       		.uleb128 0x3
 169 0030 05       		.uleb128 0x5
 170 0031 00       		.byte	0
 171 0032 03       		.uleb128 0x3
 172 0033 08       		.uleb128 0x8
 173 0034 3A       		.uleb128 0x3a
 174 0035 0B       		.uleb128 0xb
 175 0036 3B       		.uleb128 0x3b
 176 0037 0B       		.uleb128 0xb
 177 0038 49       		.uleb128 0x49
 178 0039 13       		.uleb128 0x13
 179 003a 02       		.uleb128 0x2
 180 003b 17       		.uleb128 0x17
 181 003c 00       		.byte	0
 182 003d 00       		.byte	0
 183 003e 04       		.uleb128 0x4
 184 003f 05       		.uleb128 0x5
 185 0040 00       		.byte	0
 186 0041 03       		.uleb128 0x3
 187 0042 0E       		.uleb128 0xe
 188 0043 3A       		.uleb128 0x3a
 189 0044 0B       		.uleb128 0xb
 190 0045 3B       		.uleb128 0x3b
 191 0046 0B       		.uleb128 0xb
 192 0047 49       		.uleb128 0x49
 193 0048 13       		.uleb128 0x13
 194 0049 02       		.uleb128 0x2
 195 004a 18       		.uleb128 0x18
 196 004b 00       		.byte	0
 197 004c 00       		.byte	0
 198 004d 05       		.uleb128 0x5
 199 004e 05       		.uleb128 0x5
 200 004f 00       		.byte	0
 201 0050 03       		.uleb128 0x3
 202 0051 0E       		.uleb128 0xe
 203 0052 3A       		.uleb128 0x3a
 204 0053 0B       		.uleb128 0xb
 205 0054 3B       		.uleb128 0x3b
 206 0055 0B       		.uleb128 0xb
 207 0056 49       		.uleb128 0x49
 208 0057 13       		.uleb128 0x13
 209 0058 02       		.uleb128 0x2
 210 0059 17       		.uleb128 0x17
 211 005a 00       		.byte	0
 212 005b 00       		.byte	0
 213 005c 06       		.uleb128 0x6
 214 005d 24       		.uleb128 0x24
 215 005e 00       		.byte	0
 216 005f 0B       		.uleb128 0xb
 217 0060 0B       		.uleb128 0xb
 218 0061 3E       		.uleb128 0x3e
 219 0062 0B       		.uleb128 0xb
 220 0063 03       		.uleb128 0x3
 221 0064 0E       		.uleb128 0xe
 222 0065 00       		.byte	0
 223 0066 00       		.byte	0
 224 0067 00       		.byte	0
ARM GAS  C:\Users\elgab\AppData\Local\Temp\ccBGD0OZ.s 			page 5


 225              		.section	.debug_loc,"",%progbits
 226              	.Ldebug_loc0:
 227              	.LLST0:
 228 0000 00000000 		.4byte	.LVL0
 229 0004 04000000 		.4byte	.LVL1
 230 0008 0100     		.2byte	0x1
 231 000a 50       		.byte	0x50
 232 000b 04000000 		.4byte	.LVL1
 233 000f 18000000 		.4byte	.LFE0
 234 0013 0400     		.2byte	0x4
 235 0015 F3       		.byte	0xf3
 236 0016 01       		.uleb128 0x1
 237 0017 50       		.byte	0x50
 238 0018 9F       		.byte	0x9f
 239 0019 00000000 		.4byte	0
 240 001d 00000000 		.4byte	0
 241              	.LLST1:
 242 0021 00000000 		.4byte	.LVL0
 243 0025 0E000000 		.4byte	.LVL2
 244 0029 0100     		.2byte	0x1
 245 002b 52       		.byte	0x52
 246 002c 0E000000 		.4byte	.LVL2
 247 0030 18000000 		.4byte	.LFE0
 248 0034 0400     		.2byte	0x4
 249 0036 F3       		.byte	0xf3
 250 0037 01       		.uleb128 0x1
 251 0038 52       		.byte	0x52
 252 0039 9F       		.byte	0x9f
 253 003a 00000000 		.4byte	0
 254 003e 00000000 		.4byte	0
 255              	.LLST2:
 256 0042 00000000 		.4byte	.LVL0
 257 0046 16000000 		.4byte	.LVL3
 258 004a 0200     		.2byte	0x2
 259 004c 91       		.byte	0x91
 260 004d 00       		.sleb128 0
 261 004e 16000000 		.4byte	.LVL3
 262 0052 18000000 		.4byte	.LFE0
 263 0056 0200     		.2byte	0x2
 264 0058 7D       		.byte	0x7d
 265 0059 00       		.sleb128 0
 266 005a 00000000 		.4byte	0
 267 005e 00000000 		.4byte	0
 268              		.section	.debug_aranges,"",%progbits
 269 0000 1C000000 		.4byte	0x1c
 270 0004 0200     		.2byte	0x2
 271 0006 00000000 		.4byte	.Ldebug_info0
 272 000a 04       		.byte	0x4
 273 000b 00       		.byte	0
 274 000c 0000     		.2byte	0
 275 000e 0000     		.2byte	0
 276 0010 00000000 		.4byte	.LFB0
 277 0014 18000000 		.4byte	.LFE0-.LFB0
 278 0018 00000000 		.4byte	0
 279 001c 00000000 		.4byte	0
 280              		.section	.debug_ranges,"",%progbits
 281              	.Ldebug_ranges0:
ARM GAS  C:\Users\elgab\AppData\Local\Temp\ccBGD0OZ.s 			page 6


 282 0000 00000000 		.4byte	.LFB0
 283 0004 18000000 		.4byte	.LFE0
 284 0008 00000000 		.4byte	0
 285 000c 00000000 		.4byte	0
 286              		.section	.debug_line,"",%progbits
 287              	.Ldebug_line0:
 288 0000 36000000 		.section	.debug_str,"MS",%progbits,1
 288      02002100 
 288      00000201 
 288      FB0E0D00 
 288      01010101 
 289              	.LASF0:
 290 0000 696E5F6D 		.ascii	"in_min\000"
 290      696E00
 291              	.LASF5:
 292 0007 4C49425F 		.ascii	"LIB_psoc.c\000"
 292      70736F63 
 292      2E6300
 293              	.LASF1:
 294 0012 696E5F6D 		.ascii	"in_max\000"
 294      617800
 295              	.LASF7:
 296 0019 6C6F6E67 		.ascii	"long int\000"
 296      20696E74 
 296      00
 297              	.LASF2:
 298 0022 6F75745F 		.ascii	"out_min\000"
 298      6D696E00 
 299              	.LASF3:
 300 002a 6F75745F 		.ascii	"out_max\000"
 300      6D617800 
 301              	.LASF6:
 302 0032 433A5C55 		.ascii	"C:\\Users\\elgab\\OneDrive\\Desktop\\PSOC-5lp\\Codi"
 302      73657273 
 302      5C656C67 
 302      61625C4F 
 302      6E654472 
 303 005f 676F735F 		.ascii	"gos_ADC\\DobleSars.cydsn\000"
 303      4144435C 
 303      446F626C 
 303      65536172 
 303      732E6379 
 304              	.LASF4:
 305 0077 474E5520 		.ascii	"GNU C11 5.4.1 20160609 (release) [ARM/embedded-5-br"
 305      43313120 
 305      352E342E 
 305      31203230 
 305      31363036 
 306 00aa 616E6368 		.ascii	"anch revision 237715] -mcpu=cortex-m3 -mthumb -g -O"
 306      20726576 
 306      6973696F 
 306      6E203233 
 306      37373135 
 307 00dd 67202D66 		.ascii	"g -ffunction-sections -ffat-lto-objects\000"
 307      66756E63 
 307      74696F6E 
 307      2D736563 
ARM GAS  C:\Users\elgab\AppData\Local\Temp\ccBGD0OZ.s 			page 7


 307      74696F6E 
 308              		.ident	"GCC: (GNU Tools for ARM Embedded Processors) 5.4.1 20160609 (release) [ARM/embedded-5-bran
